android/app/build/intermediates/manifest_merge_blame_file/release/manifest-merger-blame-release-report.txt
1<?xml version="1.0" encoding="utf-8"?>
2<manifest xmlns:android="http://schemas.android.com/apk/res/android"
3    package="com.example.poemai"
4    android:versionCode="1"
5    android:versionName="1.0" >
6
7    <uses-sdk
8        android:minSdkVersion="21"
9        android:targetSdkVersion="34" />
10
11    <uses-permission android:name="android.permission.INTERNET" />
11-->src\main\AndroidManifest.xml:5:5-67
11-->src\main\AndroidManifest.xml:5:22-64
12    <uses-permission android:name="android.permission.READ_EXTERNAL_STORAGE" />
12-->src\main\AndroidManifest.xml:6:5-80
12-->src\main\AndroidManifest.xml:6:22-77
13    <uses-permission android:name="android.permission.WRITE_EXTERNAL_STORAGE" />
13-->src\main\AndroidManifest.xml:7:5-81
13-->src\main\AndroidManifest.xml:7:22-78
14    <uses-permission android:name="android.permission.READ_MEDIA_IMAGES" />
14-->src\main\AndroidManifest.xml:8:5-76
14-->src\main\AndroidManifest.xml:8:22-73
15
16    <application
16-->src\main\AndroidManifest.xml:10:5-81:19
17        android:name="com.example.poemai.MyApplication"
17-->src\main\AndroidManifest.xml:11:9-38
18        android:allowBackup="true"
18-->src\main\AndroidManifest.xml:12:9-35
19        android:appComponentFactory="androidx.core.app.CoreComponentFactory"
19-->[androidx.core:core:1.7.0] AndroidManifest.xml:24:18-86
20        android:extractNativeLibs="true"
21        android:fullBackupContent="@xml/backup_rules"
21-->src\main\AndroidManifest.xml:13:9-54
22        android:icon="@drawable/ic_launcher"
22-->src\main\AndroidManifest.xml:14:9-45
23        android:label="@string/app_name"
23-->src\main\AndroidManifest.xml:15:9-41
24        android:networkSecurityConfig="@xml/network_security_config"
24-->src\main\AndroidManifest.xml:19:9-69
25        android:roundIcon="@drawable/ic_launcher_round"
25-->src\main\AndroidManifest.xml:16:9-56
26        android:supportsRtl="true"
26-->src\main\AndroidManifest.xml:17:9-35
27        android:theme="@style/Theme.PoemAI" >
27-->src\main\AndroidManifest.xml:18:9-44
28        <activity
28-->src\main\AndroidManifest.xml:22:9-30:20
29            android:name="com.example.poemai.LaunchActivity"
29-->src\main\AndroidManifest.xml:23:13-43
30            android:exported="true"
30-->src\main\AndroidManifest.xml:24:13-36
31            android:theme="@style/Theme.PoemAI.Classical" >
31-->src\main\AndroidManifest.xml:25:13-58
32            <intent-filter>
32-->src\main\AndroidManifest.xml:26:13-29:29
33                <action android:name="android.intent.action.MAIN" />
33-->src\main\AndroidManifest.xml:27:17-69
33-->src\main\AndroidManifest.xml:27:25-66
34
35                <category android:name="android.intent.category.LAUNCHER" />
35-->src\main\AndroidManifest.xml:28:17-77
35-->src\main\AndroidManifest.xml:28:27-74
36            </intent-filter>
37        </activity>
38        <activity
38-->src\main\AndroidManifest.xml:32:9-35:61
39            android:name="com.example.poemai.MainActivity"
39-->src\main\AndroidManifest.xml:33:13-41
40            android:exported="false"
40-->src\main\AndroidManifest.xml:34:13-37
41            android:theme="@style/Theme.PoemAI.Classical" />
41-->src\main\AndroidManifest.xml:35:13-58
42        <activity
42-->src\main\AndroidManifest.xml:37:9-40:61
43            android:name="com.example.poemai.LoginActivity"
43-->src\main\AndroidManifest.xml:38:13-42
44            android:exported="false"
44-->src\main\AndroidManifest.xml:39:13-37
45            android:theme="@style/Theme.PoemAI.Classical" />
45-->src\main\AndroidManifest.xml:40:13-58
46        <activity
46-->src\main\AndroidManifest.xml:42:9-45:61
47            android:name="com.example.poemai.RegisterActivity"
47-->src\main\AndroidManifest.xml:43:13-45
48            android:exported="false"
48-->src\main\AndroidManifest.xml:44:13-37
49            android:theme="@style/Theme.PoemAI.Classical" />
49-->src\main\AndroidManifest.xml:45:13-58
50        <activity
50-->src\main\AndroidManifest.xml:47:9-50:61
51            android:name="com.example.poemai.CardCreateActivity"
51-->src\main\AndroidManifest.xml:48:13-47
52            android:exported="false"
52-->src\main\AndroidManifest.xml:49:13-37
53            android:theme="@style/Theme.PoemAI.Classical" />
53-->src\main\AndroidManifest.xml:50:13-58
54        <activity
54-->src\main\AndroidManifest.xml:52:9-55:61
55            android:name="com.example.poemai.CiPaiRecommendActivity"
55-->src\main\AndroidManifest.xml:53:13-51
56            android:exported="false"
56-->src\main\AndroidManifest.xml:54:13-37
57            android:theme="@style/Theme.PoemAI.Classical" />
57-->src\main\AndroidManifest.xml:55:13-58
58        <activity
58-->src\main\AndroidManifest.xml:57:9-60:61
59            android:name="com.example.poemai.PoemDisplayActivity"
59-->src\main\AndroidManifest.xml:58:13-48
60            android:exported="false"
60-->src\main\AndroidManifest.xml:59:13-37
61            android:theme="@style/Theme.PoemAI.Classical" />
61-->src\main\AndroidManifest.xml:60:13-58
62        <activity
62-->src\main\AndroidManifest.xml:62:9-65:61
63            android:name="com.example.poemai.WorkDisplayActivity"
63-->src\main\AndroidManifest.xml:63:13-48
64            android:exported="false"
64-->src\main\AndroidManifest.xml:64:13-37
65            android:theme="@style/Theme.PoemAI.Classical" />
65-->src\main\AndroidManifest.xml:65:13-58
66        <activity
66-->src\main\AndroidManifest.xml:67:9-70:61
67            android:name="com.example.poemai.PoemComposeActivity"
67-->src\main\AndroidManifest.xml:68:13-48
68            android:exported="false"
68-->src\main\AndroidManifest.xml:69:13-37
69            android:theme="@style/Theme.PoemAI.Classical" />
69-->src\main\AndroidManifest.xml:70:13-58
70        <activity
70-->src\main\AndroidManifest.xml:72:9-75:61
71            android:name="com.example.poemai.CardGenerateActivity"
71-->src\main\AndroidManifest.xml:73:13-49
72            android:exported="false"
72-->src\main\AndroidManifest.xml:74:13-37
73            android:theme="@style/Theme.PoemAI.Classical" />
73-->src\main\AndroidManifest.xml:75:13-58
74        <activity
74-->src\main\AndroidManifest.xml:77:9-80:61
75            android:name="com.example.poemai.GalleryActivity"
75-->src\main\AndroidManifest.xml:78:13-44
76            android:exported="false"
76-->src\main\AndroidManifest.xml:79:13-37
77            android:theme="@style/Theme.PoemAI.Classical" />
77-->src\main\AndroidManifest.xml:80:13-58
78
79        <provider
79-->[androidx.emoji2:emoji2:1.0.0] AndroidManifest.xml:26:9-34:20
80            android:name="androidx.startup.InitializationProvider"
80-->[androidx.emoji2:emoji2:1.0.0] AndroidManifest.xml:27:13-67
81            android:authorities="com.example.poemai.androidx-startup"
81-->[androidx.emoji2:emoji2:1.0.0] AndroidManifest.xml:28:13-68
82            android:exported="false" >
82-->[androidx.emoji2:emoji2:1.0.0] AndroidManifest.xml:29:13-37
83            <meta-data
83-->[androidx.emoji2:emoji2:1.0.0] AndroidManifest.xml:31:13-33:52
84                android:name="androidx.emoji2.text.EmojiCompatInitializer"
84-->[androidx.emoji2:emoji2:1.0.0] AndroidManifest.xml:32:17-75
85                android:value="androidx.startup" />
85-->[androidx.emoji2:emoji2:1.0.0] AndroidManifest.xml:33:17-49
86            <meta-data
86-->[androidx.lifecycle:lifecycle-process:2.4.0] AndroidManifest.xml:31:13-33:52
87                android:name="androidx.lifecycle.ProcessLifecycleInitializer"
87-->[androidx.lifecycle:lifecycle-process:2.4.0] AndroidManifest.xml:32:17-78
88                android:value="androidx.startup" />
88-->[androidx.lifecycle:lifecycle-process:2.4.0] AndroidManifest.xml:33:17-49
89        </provider>
90    </application>
91
92</manifest>